[2025-03-10T04:31:49.089+0000] {taskinstance.py:1125} INFO - Dependencies all met for dep_context=non-requeueable deps ti=<TaskInstance: penguins_workflow.clear_penguins_tables manual__2025-03-10T04:31:45.988317+00:00 [queued]>
[2025-03-10T04:31:49.114+0000] {taskinstance.py:1125} INFO - Dependencies all met for dep_context=requeueable deps ti=<TaskInstance: penguins_workflow.clear_penguins_tables manual__2025-03-10T04:31:45.988317+00:00 [queued]>
[2025-03-10T04:31:49.115+0000] {taskinstance.py:1331} INFO - Starting attempt 1 of 2
[2025-03-10T04:31:49.143+0000] {taskinstance.py:1350} INFO - Executing <Task(MySqlOperator): clear_penguins_tables> on 2025-03-10 04:31:45.988317+00:00
[2025-03-10T04:31:49.169+0000] {standard_task_runner.py:57} INFO - Started process 753 to run task
[2025-03-10T04:31:49.182+0000] {standard_task_runner.py:84} INFO - Running: ['***', 'tasks', 'run', 'penguins_workflow', 'clear_penguins_tables', 'manual__2025-03-10T04:31:45.988317+00:00', '--job-id', '59', '--raw', '--subdir', 'DAGS_FOLDER/penguins_workflow.py', '--cfg-path', '/tmp/tmp7kuai395']
[2025-03-10T04:31:49.190+0000] {standard_task_runner.py:85} INFO - Job 59: Subtask clear_penguins_tables
[2025-03-10T04:31:49.307+0000] {task_command.py:410} INFO - Running <TaskInstance: penguins_workflow.clear_penguins_tables manual__2025-03-10T04:31:45.988317+00:00 [running]> on host ab5a556ad2b5
[2025-03-10T04:31:49.482+0000] {taskinstance.py:1570} INFO - Exporting env vars: AIRFLOW_CTX_DAG_OWNER='***' AIRFLOW_CTX_DAG_ID='penguins_workflow' AIRFLOW_CTX_TASK_ID='clear_penguins_tables' AIRFLOW_CTX_EXECUTION_DATE='2025-03-10T04:31:45.988317+00:00' AIRFLOW_CTX_TRY_NUMBER='1' AIRFLOW_CTX_DAG_RUN_ID='manual__2025-03-10T04:31:45.988317+00:00'
[2025-03-10T04:31:49.483+0000] {sql.py:262} INFO - Executing: 
        DROP TABLE IF EXISTS penguins_raw;
        DROP TABLE IF EXISTS penguins_preprocessed;
    
[2025-03-10T04:31:49.503+0000] {base.py:73} INFO - Using connection ID 'mysql_default' for task execution.
[2025-03-10T04:31:49.671+0000] {base.py:73} INFO - Using connection ID 'mysql_default' for task execution.
[2025-03-10T04:31:49.744+0000] {sql.py:375} INFO - Running statement: 
        DROP TABLE IF EXISTS penguins_raw;
        DROP TABLE IF EXISTS penguins_preprocessed;
    , parameters: None
[2025-03-10T04:31:49.769+0000] {sql.py:384} INFO - Rows affected: 0
[2025-03-10T04:31:49.827+0000] {taskinstance.py:1373} INFO - Marking task as SUCCESS. dag_id=penguins_workflow, task_id=clear_penguins_tables, execution_date=20250310T043145, start_date=20250310T043149, end_date=20250310T043149
[2025-03-10T04:31:49.914+0000] {local_task_job_runner.py:232} INFO - Task exited with return code 0
[2025-03-10T04:31:50.019+0000] {taskinstance.py:2674} INFO - 1 downstream tasks scheduled from follow-on schedule check
