[2025-03-10T03:25:52.346+0000] {taskinstance.py:1125} INFO - Dependencies all met for dep_context=non-requeueable deps ti=<TaskInstance: penguins_workflow.load_data manual__2025-03-10T03:20:43.137283+00:00 [queued]>
[2025-03-10T03:25:52.361+0000] {taskinstance.py:1125} INFO - Dependencies all met for dep_context=requeueable deps ti=<TaskInstance: penguins_workflow.load_data manual__2025-03-10T03:20:43.137283+00:00 [queued]>
[2025-03-10T03:25:52.362+0000] {taskinstance.py:1331} INFO - Starting attempt 2 of 2
[2025-03-10T03:25:52.383+0000] {taskinstance.py:1350} INFO - Executing <Task(PythonOperator): load_data> on 2025-03-10 03:20:43.137283+00:00
[2025-03-10T03:25:52.402+0000] {standard_task_runner.py:57} INFO - Started process 378 to run task
[2025-03-10T03:25:52.416+0000] {standard_task_runner.py:84} INFO - Running: ['***', 'tasks', 'run', 'penguins_workflow', 'load_data', 'manual__2025-03-10T03:20:43.137283+00:00', '--job-id', '24', '--raw', '--subdir', 'DAGS_FOLDER/penguins_workflow.py', '--cfg-path', '/tmp/tmp28mj5mop']
[2025-03-10T03:25:52.423+0000] {standard_task_runner.py:85} INFO - Job 24: Subtask load_data
[2025-03-10T03:25:52.540+0000] {task_command.py:410} INFO - Running <TaskInstance: penguins_workflow.load_data manual__2025-03-10T03:20:43.137283+00:00 [running]> on host 14d55246a065
[2025-03-10T03:25:52.690+0000] {taskinstance.py:1570} INFO - Exporting env vars: AIRFLOW_CTX_DAG_OWNER='***' AIRFLOW_CTX_DAG_ID='penguins_workflow' AIRFLOW_CTX_TASK_ID='load_data' AIRFLOW_CTX_EXECUTION_DATE='2025-03-10T03:20:43.137283+00:00' AIRFLOW_CTX_TRY_NUMBER='2' AIRFLOW_CTX_DAG_RUN_ID='manual__2025-03-10T03:20:43.137283+00:00'
[2025-03-10T03:25:52.698+0000] {taskinstance.py:1847} ERROR - Task failed with exception
Traceback (most recent call last):
  File "/home/airflow/.local/lib/python3.7/site-packages/airflow/operators/python.py", line 181, in execute
    return_value = self.execute_callable()
  File "/home/airflow/.local/lib/python3.7/site-packages/airflow/operators/python.py", line 198, in execute_callable
    return self.python_callable(*self.op_args, **self.op_kwargs)
  File "/opt/airflow/dags/penguins_workflow.py", line 52, in load_data
    df1 = pd.read_csv(file1)
  File "/home/airflow/.local/lib/python3.7/site-packages/pandas/util/_decorators.py", line 311, in wrapper
    return func(*args, **kwargs)
  File "/home/airflow/.local/lib/python3.7/site-packages/pandas/io/parsers/readers.py", line 586, in read_csv
    return _read(filepath_or_buffer, kwds)
  File "/home/airflow/.local/lib/python3.7/site-packages/pandas/io/parsers/readers.py", line 482, in _read
    parser = TextFileReader(filepath_or_buffer, **kwds)
  File "/home/airflow/.local/lib/python3.7/site-packages/pandas/io/parsers/readers.py", line 811, in __init__
    self._engine = self._make_engine(self.engine)
  File "/home/airflow/.local/lib/python3.7/site-packages/pandas/io/parsers/readers.py", line 1040, in _make_engine
    return mapping[engine](self.f, **self.options)  # type: ignore[call-arg]
  File "/home/airflow/.local/lib/python3.7/site-packages/pandas/io/parsers/c_parser_wrapper.py", line 51, in __init__
    self._open_handles(src, kwds)
  File "/home/airflow/.local/lib/python3.7/site-packages/pandas/io/parsers/base_parser.py", line 229, in _open_handles
    errors=kwds.get("encoding_errors", "strict"),
  File "/home/airflow/.local/lib/python3.7/site-packages/pandas/io/common.py", line 707, in get_handle
    newline="",
FileNotFoundError: [Errno 2] No such file or directory: '/data/penguins_lter.csv'
[2025-03-10T03:25:52.716+0000] {taskinstance.py:1373} INFO - Marking task as FAILED. dag_id=penguins_workflow, task_id=load_data, execution_date=20250310T032043, start_date=20250310T032552, end_date=20250310T032552
[2025-03-10T03:25:52.732+0000] {standard_task_runner.py:109} ERROR - Failed to execute job 24 for task load_data ([Errno 2] No such file or directory: '/data/penguins_lter.csv'; 378)
[2025-03-10T03:25:52.784+0000] {local_task_job_runner.py:232} INFO - Task exited with return code 1
[2025-03-10T03:25:52.831+0000] {taskinstance.py:2674} INFO - 0 downstream tasks scheduled from follow-on schedule check
